<?xml version="1.0" encoding="UTF-8"?>
<!-- Generated by org.testng.reporters.JUnitXMLReporter -->
<testsuite hostname="Shwetha" ignored="0" name="Acuity11" tests="4" failures="0" timestamp="20 Nov 2018 10:57:22 GMT" time="393.864" errors="0">
  <testcase name="HiFillPatientInformationCCTDefaultAndCustomMulti" time="82.065" classname="Create_Service_Request_CCT_Multi.CCT_Multi"/>
  <testcase name="HiFillPatientInformationCCTDefaultMulti" time="106.564" classname="Create_Service_Request_CCT_Multi.CCT_Multi"/>
  <testcase name="HiFillPatientInformationCCTCustomAndDefaultMulti" time="115.689" classname="Create_Service_Request_CCT_Multi.CCT_Multi"/>
  <testcase name="HiFillPatientInformationCCTCustomMulti" time="79.34" classname="Create_Service_Request_CCT_Multi.CCT_Multi"/>
</testsuite> <!-- Acuity11 -->
