<?xml version="1.0" encoding="UTF-8"?>
<!-- Generated by org.testng.reporters.JUnitXMLReporter -->
<testsuite hostname="Shwetha" ignored="0" name="Acuity3" tests="4" failures="0" timestamp="20 Nov 2018 10:26:44 GMT" time="211.57" errors="0">
  <testcase name="HiFillPatientInformationCCTCustom" time="57.738" classname="Create_Service_Request_CCT_Oneway.CCT_Oneway"/>
  <testcase name="HiFillPatientInformationCCT" time="49.419" classname="Create_Service_Request_CCT_Oneway.CCT_Oneway"/>
  <testcase name="HiFillPatientInformationCCTCustomAndDefault" time="50.999" classname="Create_Service_Request_CCT_Oneway.CCT_Oneway"/>
  <testcase name="HiFillPatientInformationCCTDefaultAndCustom" time="41.013" classname="Create_Service_Request_CCT_Oneway.CCT_Oneway"/>
</testsuite> <!-- Acuity3 -->
