<?xml version="1.0" encoding="UTF-8"?>
<!-- Generated by org.testng.reporters.JUnitXMLReporter -->
<testsuite hostname="Shwetha" ignored="0" name="Acuity6" tests="4" failures="0" timestamp="20 Nov 2018 10:34:15 GMT" time="206.079" errors="0">
  <testcase name="HiFillPatientInformationBLSRoundTrip" time="52.21" classname="Create_Service_Request_BLS_Roundtrip.BLS_Roundtrip"/>
  <testcase name="HiFillPatientInformationBLSRoundTripdefaultpickcustomdest" time="39.141" classname="Create_Service_Request_BLS_Roundtrip.BLS_Roundtrip"/>
  <testcase name="HiFillPatientInformationBLSRoundcustompickdefaultdest" time="53.366" classname="Create_Service_Request_BLS_Roundtrip.BLS_Roundtrip"/>
  <testcase name="HiFillPatientInformationBLSRoundTripDefaultpickanddest" time="51.183" classname="Create_Service_Request_BLS_Roundtrip.BLS_Roundtrip"/>
</testsuite> <!-- Acuity6 -->
