<?xml version="1.0" encoding="UTF-8"?>
<!-- Generated by org.testng.reporters.JUnitXMLReporter -->
<testsuite hostname="Shwetha" ignored="0" name="Acuity9" tests="4" failures="0" timestamp="20 Nov 2018 10:44:14 GMT" time="394.429" errors="0">
  <testcase name="HiFillPatientInformationALSDefaultMulti" time="117.997" classname="Create_Service_Request_ALS_Multi.ALS_Multi"/>
  <testcase name="HiFillPatientInformationALSCustomAndDefaultMulti" time="117.625" classname="Create_Service_Request_ALS_Multi.ALS_Multi"/>
  <testcase name="HiFillPatientInformationALSCustomMulti" time="77.576" classname="Create_Service_Request_ALS_Multi.ALS_Multi"/>
  <testcase name="HiFillPatientInformationALSDefaultAndCustomMulti" time="72.386" classname="Create_Service_Request_ALS_Multi.ALS_Multi"/>
</testsuite> <!-- Acuity9 -->
