<?xml version="1.0" encoding="UTF-8"?>
<!-- Generated by org.testng.reporters.JUnitXMLReporter -->
<testsuite hostname="Shwetha" ignored="0" name="Acuity4" tests="4" failures="0" timestamp="20 Nov 2018 10:29:25 GMT" time="160.973" errors="0">
  <testcase name="HiFillPatientInformationWCTCustom" time="41.504" classname="Create_Service_Request_WCT_Oneway.WCT_Oneway"/>
  <testcase name="HiFillPatientInformationWCT" time="36.476" classname="Create_Service_Request_WCT_Oneway.WCT_Oneway"/>
  <testcase name="HiFillPatientInformationCCTCustomAndDefault" time="41.149" classname="Create_Service_Request_WCT_Oneway.WCT_Oneway"/>
  <testcase name="HiFillPatientInformationWCTDefaultAndCustom" time="32.912" classname="Create_Service_Request_WCT_Oneway.WCT_Oneway"/>
</testsuite> <!-- Acuity4 -->
