<?xml version="1.0" encoding="UTF-8"?>
<!-- Generated by org.testng.reporters.JUnitXMLReporter -->
<testsuite hostname="Shwetha" ignored="0" name="Create_Service_Request_BLS_Oneway" tests="4" failures="0" timestamp="29 Nov 2018 11:49:02 GMT" time="308.651" errors="0">
  <testcase name="HiFillPatientInformationBLSCustom" time="72.496" classname="Create_Service_Request_BLS_Oneway.BLS_Oneway"/>
  <testcase name="HiFillPatientInformationBLS" time="68.088" classname="Create_Service_Request_BLS_Oneway.BLS_Oneway"/>
  <testcase name="HiFillPatientInformationBLSCustomAndDefault" time="73.66" classname="Create_Service_Request_BLS_Oneway.BLS_Oneway"/>
  <testcase name="HiFillPatientInformationBLSDefaultAndCustom" time="66.338" classname="Create_Service_Request_BLS_Oneway.BLS_Oneway"/>
</testsuite> <!-- Create_Service_Request_BLS_Oneway -->
