<?xml version="1.0" encoding="UTF-8"?>
<!-- Generated by org.testng.reporters.JUnitXMLReporter -->
<testsuite hostname="Shwetha" ignored="0" name="Create_Service_Request_WCT_Oneway" tests="4" failures="0" timestamp="29 Nov 2018 11:58:22 GMT" time="273.81" errors="0">
  <testcase name="HiFillPatientInformationWCTCustom" time="58.374" classname="Create_Service_Request_WCT_Oneway.WCT_Oneway"/>
  <testcase name="HiFillPatientInformationWCT" time="74.095" classname="Create_Service_Request_WCT_Oneway.WCT_Oneway"/>
  <testcase name="HiFillPatientInformationCCTCustomAndDefault" time="60.891" classname="Create_Service_Request_WCT_Oneway.WCT_Oneway"/>
  <testcase name="HiFillPatientInformationWCTDefaultAndCustom" time="53.046" classname="Create_Service_Request_WCT_Oneway.WCT_Oneway"/>
</testsuite> <!-- Create_Service_Request_WCT_Oneway -->
