<?xml version="1.0" encoding="UTF-8"?>
<!-- Generated by org.testng.reporters.JUnitXMLReporter -->
<testsuite hostname="Shwetha" ignored="0" name="Create_Service_Request_BLS_Roundtrip" tests="4" failures="0" timestamp="29 Nov 2018 12:07:33 GMT" time="298.165" errors="0">
  <testcase name="HiFillPatientInformationBLSRoundTrip" time="66.393" classname="Create_Service_Request_BLS_Roundtrip.BLS_Roundtrip"/>
  <testcase name="HiFillPatientInformationBLSRoundTripdefaultpickcustomdest" time="58.1" classname="Create_Service_Request_BLS_Roundtrip.BLS_Roundtrip"/>
  <testcase name="HiFillPatientInformationBLSRoundcustompickdefaultdest" time="74.845" classname="Create_Service_Request_BLS_Roundtrip.BLS_Roundtrip"/>
  <testcase name="HiFillPatientInformationBLSRoundTripDefaultpickanddest" time="69.63" classname="Create_Service_Request_BLS_Roundtrip.BLS_Roundtrip"/>
</testsuite> <!-- Create_Service_Request_BLS_Roundtrip -->
