<?xml version="1.0" encoding="UTF-8"?>
<!-- Generated by org.testng.reporters.JUnitXMLReporter -->
<testsuite hostname="Shwetha" ignored="0" name="Create_Service_Request_CCT_Oneway" tests="4" failures="0" timestamp="29 Nov 2018 11:53:48 GMT" time="286.68" errors="0">
  <testcase name="HiFillPatientInformationCCTCustom" time="69.48" classname="Create_Service_Request_CCT_Oneway.CCT_Oneway"/>
  <testcase name="HiFillPatientInformationCCT" time="64.671" classname="Create_Service_Request_CCT_Oneway.CCT_Oneway"/>
  <testcase name="HiFillPatientInformationCCTCustomAndDefault" time="67.853" classname="Create_Service_Request_CCT_Oneway.CCT_Oneway"/>
  <testcase name="HiFillPatientInformationCCTDefaultAndCustom" time="58.158" classname="Create_Service_Request_CCT_Oneway.CCT_Oneway"/>
</testsuite> <!-- Create_Service_Request_CCT_Oneway -->
