<?xml version="1.0" encoding="UTF-8"?>
<!-- Generated by org.testng.reporters.JUnitXMLReporter -->
<testsuite hostname="Shwetha" ignored="0" name="Create_Service_Request_ALS_Oneway" tests="4" failures="0" timestamp="29 Nov 2018 13:05:07 GMT" time="338.647" errors="0">
  <testcase name="HiFillPatientInformationALSCustom" time="77.932" classname="Create_Service_Request_ALS_Oneway.ALS_Oneway"/>
  <testcase name="HiCreateServiceRequest" time="72.501" classname="Create_Service_Request_ALS_Oneway.ALS_Oneway"/>
  <testcase name="HiFillPatientInformationALSCustomAndDefault" time="78.588" classname="Create_Service_Request_ALS_Oneway.ALS_Oneway"/>
  <testcase name="HiFillPatientInformationALSDefaultAndCustom" time="72.341" classname="Create_Service_Request_ALS_Oneway.ALS_Oneway"/>
</testsuite> <!-- Create_Service_Request_ALS_Oneway -->
