<?xml version="1.0" encoding="UTF-8"?>
<!-- Generated by org.testng.reporters.JUnitXMLReporter -->
<testsuite hostname="Shwetha" ignored="0" name="HI_profile" tests="4" failures="0" timestamp="29 Nov 2018 12:54:48 GMT" time="205.026" errors="0">
  <testcase name="HIProfileAddBuildingLocation" time="75.339" classname="HI_profile.Add_Edit_Activate_Deactivate_Building"/>
  <testcase name="HiDeactivateBuilding" time="19.589" classname="HI_profile.Add_Edit_Activate_Deactivate_Building"/>
  <testcase name="HiBuildingPagination" time="6.217" classname="HI_profile.Add_Edit_Activate_Deactivate_Building"/>
  <testcase name="HiEditProfileDetails" time="64.729" classname="HI_profile.Add_Edit_Activate_Deactivate_Building"/>
</testsuite> <!-- HI_profile -->
