<?xml version="1.0" encoding="UTF-8"?>
<!-- Generated by org.testng.reporters.JUnitXMLReporter -->
<testsuite hostname="Shwetha" ignored="0" name="ALS" tests="4" failures="2" timestamp="05 Nov 2018 12:05:12 GMT" time="302.06" errors="0">
  <testcase name="HiFillPatientInformationALSDefaultMulti" time="123.285" classname="Create_Service_Request_ALS_Multi.ALS_Multi"/>
  <testcase name="HiFillPatientInformationALSCustomAndDefaultMulti" time="120.063" classname="Create_Service_Request_ALS_Multi.ALS_Multi"/>
  <testcase name="HiFillPatientInformationALSCustomMulti" time="43.055" classname="Create_Service_Request_ALS_Multi.ALS_Multi">
    <failure type="org.openqa.selenium.WebDriverException" message="unknown error: Element &amp;lt;button type=&amp;quot;button&amp;quot; class=&amp;quot;btn aq-btn open1&amp;quot; id=&amp;quot;addAnotherDestBtn&amp;quot; title=&amp;quot;Add Another Leg&amp;quot; onclick=&amp;quot;addAnotherTransportDetails()&amp;quot;&amp;gt;...&amp;lt;/button&amp;gt; is not clickable at point (676, 412). Other element would receive the click: &amp;lt;div id=&amp;quot;loader&amp;quot;&amp;gt;...&amp;lt;/div&amp;gt;
  (Session info: chrome=70.0.3538.77)
  (Driver info: chromedriver=2.39.562718 (9a2698cba08cf5a471a29d30c8b3e12becabb0e9),platform=Windows NT 10.0.17134 x86_64) (WARNING: The server did not provide any stacktrace information)
Command duration or timeout: 0 milliseconds
Build info: version: &amp;apos;3.12.0&amp;apos;, revision: &amp;apos;7c6e0b3&amp;apos;, time: &amp;apos;2018-05-08T15:15:03.216Z&amp;apos;
System info: host: &amp;apos;SHWETHA&amp;apos;, ip: &amp;apos;192.168.0.58&amp;apos;, os.name: &amp;apos;Windows 10&amp;apos;, os.arch: &amp;apos;amd64&amp;apos;, os.version: &amp;apos;10.0&amp;apos;, java.version: &amp;apos;1.8.0_161&amp;apos;
Driver info: org.openqa.selenium.chrome.ChromeDriver
Capabilities {acceptInsecureCerts: false, acceptSslCerts: false, applicationCacheEnabled: false, browserConnectionEnabled: false, browserName: chrome, chrome: {chromedriverVersion: 2.39.562718 (9a2698cba08cf5..., userDataDir: C:\Users\SHWETH~1\AppData\L...}, cssSelectorsEnabled: true, databaseEnabled: false, handlesAlerts: true, hasTouchScreen: false, javascriptEnabled: true, locationContextEnabled: true, mobileEmulationEnabled: false, nativeEvents: true, networkConnectionEnabled: false, pageLoadStrategy: normal, platform: XP, platformName: XP, rotatable: false, setWindowRect: true, takesHeapSnapshot: true, takesScreenshot: true, unexpectedAlertBehaviour: , unhandledPromptBehavior: , version: 70.0.3538.77, webStorageEnabled: true}
Session ID: 7eedf612eff271067a8166a62795f568">
      <![CDATA[org.openqa.selenium.WebDriverException: unknown error: Element <button type="button" class="btn aq-btn open1" id="addAnotherDestBtn" title="Add Another Leg" onclick="addAnotherTransportDetails()">...</button> is not clickable at point (676, 412). Other element would receive the click: <div id="loader">...</div>
  (Session info: chrome=70.0.3538.77)
  (Driver info: chromedriver=2.39.562718 (9a2698cba08cf5a471a29d30c8b3e12becabb0e9),platform=Windows NT 10.0.17134 x86_64) (WARNING: The server did not provide any stacktrace information)
Command duration or timeout: 0 milliseconds
Build info: version: '3.12.0', revision: '7c6e0b3', time: '2018-05-08T15:15:03.216Z'
System info: host: 'SHWETHA', ip: '192.168.0.58', os.name: 'Windows 10', os.arch: 'amd64', os.version: '10.0', java.version: '1.8.0_161'
Driver info: org.openqa.selenium.chrome.ChromeDriver
Capabilities {acceptInsecureCerts: false, acceptSslCerts: false, applicationCacheEnabled: false, browserConnectionEnabled: false, browserName: chrome, chrome: {chromedriverVersion: 2.39.562718 (9a2698cba08cf5..., userDataDir: C:\Users\SHWETH~1\AppData\L...}, cssSelectorsEnabled: true, databaseEnabled: false, handlesAlerts: true, hasTouchScreen: false, javascriptEnabled: true, locationContextEnabled: true, mobileEmulationEnabled: false, nativeEvents: true, networkConnectionEnabled: false, pageLoadStrategy: normal, platform: XP, platformName: XP, rotatable: false, setWindowRect: true, takesHeapSnapshot: true, takesScreenshot: true, unexpectedAlertBehaviour: , unhandledPromptBehavior: , version: 70.0.3538.77, webStorageEnabled: true}
Session ID: 7eedf612eff271067a8166a62795f568
at org.openqa.selenium.remote.ErrorHandler.createThrowable(ErrorHandler.java:214)
at org.openqa.selenium.remote.ErrorHandler.throwIfResponseFailed(ErrorHandler.java:166)
at org.openqa.selenium.remote.http.JsonHttpResponseCodec.reconstructValue(JsonHttpResponseCodec.java:40)
at org.openqa.selenium.remote.http.AbstractHttpResponseCodec.decode(AbstractHttpResponseCodec.java:80)
at org.openqa.selenium.remote.http.AbstractHttpResponseCodec.decode(AbstractHttpResponseCodec.java:44)
at org.openqa.selenium.remote.HttpCommandExecutor.execute(HttpCommandExecutor.java:158)
at org.openqa.selenium.remote.service.DriverCommandExecutor.execute(DriverCommandExecutor.java:83)
at org.openqa.selenium.remote.RemoteWebDriver.execute(RemoteWebDriver.java:543)
at org.openqa.selenium.remote.RemoteWebElement.execute(RemoteWebElement.java:276)
at org.openqa.selenium.remote.RemoteWebElement.click(RemoteWebElement.java:83)
at Create_Service_Request_ALS_Multi.ALS_Multi.HiFillPatientInformationALSCustomMulti(ALS_Multi.java:501)
... Removed 29 stack frames]]>
    </failure>
  </testcase> <!-- HiFillPatientInformationALSCustomMulti -->
  <testcase name="HiFillPatientInformationALSDefaultAndCustomMulti" time="3.905" classname="Create_Service_Request_ALS_Multi.ALS_Multi">
    <failure type="java.lang.NullPointerException">
      <![CDATA[java.lang.NullPointerException
at Create_Service_Request_ALS_Multi.ALS_Multi.HiFillPatientInformationALSDefaultAndCustomMulti(ALS_Multi.java:559)
... Removed 25 stack frames]]>
    </failure>
  </testcase> <!-- HiFillPatientInformationALSDefaultAndCustomMulti -->
</testsuite> <!-- ALS -->
