<?xml version="1.0" encoding="UTF-8"?>
<!-- Generated by org.testng.reporters.JUnitXMLReporter -->
<testsuite hostname="Shwetha" ignored="0" name="Acuity1" tests="4" failures="0" timestamp="20 Nov 2018 09:23:20 GMT" time="233.047" errors="0">
  <testcase name="HiFillPatientInformationALSCustom" time="67.416" classname="Create_Service_Request_ALS_Oneway.ALS_Oneway"/>
  <testcase name="HiCreateServiceRequest" time="50.351" classname="Create_Service_Request_ALS_Oneway.ALS_Oneway"/>
  <testcase name="HiFillPatientInformationALSCustomAndDefault" time="58.826" classname="Create_Service_Request_ALS_Oneway.ALS_Oneway"/>
  <testcase name="HiFillPatientInformationALSDefaultAndCustom" time="46.489" classname="Create_Service_Request_ALS_Oneway.ALS_Oneway"/>
</testsuite> <!-- Acuity1 -->
