<?xml version="1.0" encoding="UTF-8"?>
<!-- Generated by org.testng.reporters.JUnitXMLReporter -->
<testsuite hostname="Shwetha" ignored="0" name="Acuity3" tests="4" failures="0" timestamp="20 Nov 2018 09:30:46 GMT" time="216.101" errors="0">
  <testcase name="HiFillPatientInformationCCTCustom" time="56.111" classname="Create_Service_Request_CCT_Oneway.CCT_Oneway"/>
  <testcase name="HiFillPatientInformationCCT" time="48.954" classname="Create_Service_Request_CCT_Oneway.CCT_Oneway"/>
  <testcase name="HiFillPatientInformationCCTCustomAndDefault" time="51.862" classname="Create_Service_Request_CCT_Oneway.CCT_Oneway"/>
  <testcase name="HiFillPatientInformationCCTDefaultAndCustom" time="48.751" classname="Create_Service_Request_CCT_Oneway.CCT_Oneway"/>
</testsuite> <!-- Acuity3 -->
