<?xml version="1.0" encoding="UTF-8"?>
<!-- Generated by org.testng.reporters.JUnitXMLReporter -->
<testsuite hostname="Shwetha" ignored="0" name="Acuity2" tests="4" failures="0" timestamp="20 Nov 2018 09:27:10 GMT" time="229.897" errors="0">
  <testcase name="HiFillPatientInformationBLSCustom" time="58.372" classname="Create_Service_Request_BLS_Oneway.BLS_Oneway"/>
  <testcase name="HiFillPatientInformationBLS" time="53.645" classname="Create_Service_Request_BLS_Oneway.BLS_Oneway"/>
  <testcase name="HiFillPatientInformationBLSCustomAndDefault" time="58.969" classname="Create_Service_Request_BLS_Oneway.BLS_Oneway"/>
  <testcase name="HiFillPatientInformationBLSDefaultAndCustom" time="43.596" classname="Create_Service_Request_BLS_Oneway.BLS_Oneway"/>
</testsuite> <!-- Acuity2 -->
